19:33:08.828 [JavaFX Application Thread] DEBUG GameApplication      - Logger initialized
19:33:09.313 [JavaFX Application Thread] DEBUG GameApplication      - Starting FXGL
19:33:09.314 [JavaFX Application Thread] INFO  Version              - FXGL-0.3.8
19:33:09.314 [JavaFX Application Thread] INFO  Version              - Source code and latest versions at: https://github.com/AlmasB/FXGL
19:33:09.315 [JavaFX Application Thread] INFO  Version              -              Join the FXGL chat at: https://gitter.im/AlmasB/FXGL
19:33:09.931 [FXGL Launcher Thread     ] DEBUG FXGL                 - Loading FXGL system data
19:33:09.947 [FXGL Launcher Thread     ] DEBUG IOTask               - Executing task: readDataTask(system/fxgl.bundle)
19:33:09.956 [FXGL Launcher Thread     ] DEBUG FS                   - Reading from: system\fxgl.bundle
19:33:09.970 [FXGL Launcher Thread     ] DEBUG IOTask               - Task succeeded: readDataTask(system/fxgl.bundle)
19:33:09.971 [FXGL Launcher Thread     ] DEBUG Bundle               - Logging bundle: FXGL
19:33:09.972 [FXGL Launcher Thread     ] DEBUG Bundle               - FXGL.offline.timer.version.check=2020-04-03T00:49:42.894
19:33:09.973 [FXGL Launcher Thread     ] DEBUG GameApplication      - FXGL configuration complete
19:33:09.977 [FXGL Launcher Thread     ] INFO  GameApplication      - FXGL configuration took:  0.591 sec
19:33:09.977 [FXGL Launcher Thread     ] DEBUG GameApplication      - Logging game settings
Title: Untitled
Version: 0.0
Width: 1200
Height: 1200
Fullscreen: false
Intro: false
Menus: false
Profiling: false
App Mode: DEVELOPER
Menu Key: ESCAPE
Scene Factory: class com.almasb.fxgl.scene.SceneFactory
Dialog Factory: class com.almasb.fxgl.service.impl.display.FXGLDialogFactory
UI Factory: class com.almasb.fxgl.service.impl.ui.FXGLUIFactory
Notification Service: class com.almasb.fxgl.service.impl.notification.SlidingNotificationService
Exception Handler: class com.almasb.fxgl.app.FXGLExceptionHandler
19:33:09.985 [FXGL Launcher Thread     ] DEBUG GameApplication      - Configuring GameApplication
19:33:09.989 [FXGL Launcher Thread     ] DEBUG AppStateMachine      - Initializing application states
19:33:10.058 [FXGL Launcher Thread     ] DEBUG AssetLoader          - Asset cacheSize=35
19:33:10.059 [FXGL Launcher Thread     ] DEBUG AssetLoader          - Loading from disk: /assets/ui/cursors/fxgl_default.png
19:33:10.089 [FXGL Launcher Thread     ] DEBUG AssetLoader          - Loading from disk: /assets/ui/cursors/fxgl_default.png
19:33:10.096 [FXGL Launcher Thread     ] DEBUG AssetLoader          - Loading from disk: /assets/sounds/core/notification.wav
19:33:10.123 [FXGL Launcher Thread     ] DEBUG AssetLoader          - Loading from disk: /assets/sounds/menu/select.wav
19:33:10.125 [FXGL Launcher Thread     ] DEBUG AssetLoader          - Loading from disk: /assets/sounds/menu/back.wav
19:33:10.127 [FXGL Launcher Thread     ] DEBUG AssetLoader          - Loading from disk: /assets/sounds/menu/press.wav
19:33:10.130 [FXGL Launcher Thread     ] DEBUG AssetLoader          - Loading from disk: /assets/ui/fonts/Copperplate_Gothic_Light_Regular.ttf
19:33:10.846 [FXGL Launcher Thread     ] DEBUG AssetLoader          - Loading from disk: /assets/ui/fonts/lucida_console.ttf
19:33:10.851 [FXGL Launcher Thread     ] DEBUG AssetLoader          - Loading from disk: /assets/ui/css/fxgl_dark.css
19:33:10.852 [FXGL Launcher Thread     ] DEBUG AssetLoader          - Loading from disk: /assets/ui/icons/fxgl_icon.png
19:33:11.019 [FXGL Launcher Thread     ] DEBUG AssetLoader          - Loading from disk: /assets/ui/cursors/fxgl_default.png
19:33:11.050 [FXGL Launcher Thread     ] DEBUG FXGL.GameScene       - Game scene initialized: 1200x1200
19:33:11.057 [FXGL Launcher Thread     ] DEBUG FXGL.GameWorld       - Game world initialized
19:33:11.225 [FXGL Launcher Thread     ] DEBUG FXGL.PhysicsWorld    - Physics world initialized: appHeight=1200, physics.ppm=50.0
19:33:11.265 [FXGL Launcher Thread     ] DEBUG Input                - Registered new binding: Pause - Esc
19:33:11.284 [FXGL Launcher Thread     ] INFO  GameApplication      - Game configuration took:  1.299 sec
19:33:11.287 [JavaFX Application Thread] DEBUG MainWindow           - App size > screen size
19:33:11.287 [JavaFX Application Thread] DEBUG MainWindow           - Target size: 1200.0 x 1200.0 @ 1.0
19:33:11.287 [JavaFX Application Thread] DEBUG MainWindow           - New size:    1040.0 x 1040.0 @ 0.8666666666666667
19:33:11.287 [JavaFX Application Thread] DEBUG MainWindow           - Opening main window
19:33:11.360 [JavaFX Application Thread] DEBUG MainWindow           - Root size:  1200.0x1071.0
19:33:11.360 [JavaFX Application Thread] DEBUG MainWindow           - Scene size: 1200.0x1071.0
19:33:11.361 [JavaFX Application Thread] DEBUG MainWindow           - Stage size: 1206.0x1100.0
19:33:11.361 [JavaFX Application Thread] DEBUG GameApplication      - Running preInit()
19:33:11.364 [JavaFX Application Thread] DEBUG Input                - Registered new binding: Screenshot - P
19:33:11.366 [JavaFX Application Thread] DEBUG Input                - Registered new binding: Dev Options - CTRL+0
19:33:11.370 [JavaFX Application Thread] DEBUG Input                - Registered new binding: UP - W
19:33:11.370 [JavaFX Application Thread] DEBUG Input                - Registered new binding: DOWN - S
19:33:11.371 [JavaFX Application Thread] DEBUG Input                - Registered new binding: LEFT - A
19:33:11.372 [JavaFX Application Thread] DEBUG Input                - Registered new binding: RIGHT - D
19:33:11.464 [JavaFX Application Thread] DEBUG GameApplication      - Starting main loop
19:33:11.469 [JavaFX Application Thread] DEBUG StartupState         - STARTUP
19:33:11.469 [JavaFX Application Thread] DEBUG GameApplication      - Starting new game
19:33:11.469 [JavaFX Application Thread] DEBUG Input                - Clearing active input actions
19:33:11.469 [JavaFX Application Thread] DEBUG AppStateMachine      - StartupState -> LoadingState
19:33:11.885 [JavaFX Application Thread] DEBUG AnnotationParser     - @SetEntityFactory: []
19:33:11.885 [JavaFX Application Thread] DEBUG AnnotationParser     - @AddCollisionHandler: []
19:33:11.893 [FXGL Background Thread 1 ] DEBUG InitAppTask          - Clearing previous game
19:33:11.893 [FXGL Background Thread 1 ] DEBUG FXGL.GameWorld       - Clearing game world
19:33:11.894 [FXGL Background Thread 1 ] DEBUG FXGL.PhysicsWorld    - Clearing physics world
19:33:11.899 [FXGL Background Thread 1 ] DEBUG FXGL.GameScene       - Clearing game scene
19:33:11.900 [FXGL Background Thread 1 ] DEBUG InitAppTask          - Initializing Assets
19:33:11.900 [FXGL Background Thread 1 ] DEBUG InitAppTask          - Initializing Game
19:33:11.906 [FXGL Background Thread 1 ] DEBUG InitAppTask          - Initializing Physics
19:33:11.906 [FXGL Background Thread 1 ] DEBUG InitAppTask          - Initializing UI
19:33:11.906 [FXGL Background Thread 1 ] DEBUG InitAppTask          - Initialization Complete
19:33:11.906 [FXGL Background Thread 1 ] INFO  InitAppTask          - Game initialization took: 0.014 sec
19:33:11.987 [JavaFX Application Thread] DEBUG Input                - Clearing active input actions
19:33:11.987 [JavaFX Application Thread] DEBUG AppStateMachine      - LoadingState -> PlayState
19:33:25.983 [JavaFX Application Thread] DEBUG AppStateMachine      - Push state: DialogSubState
19:33:25.984 [JavaFX Application Thread] DEBUG Input                - Clearing active input actions
19:33:25.984 [JavaFX Application Thread] DEBUG AppStateMachine      - PlayState -> DialogSubState
19:33:29.051 [JavaFX Application Thread] DEBUG AppStateMachine      - Pop state: DialogSubState
19:33:29.051 [JavaFX Application Thread] DEBUG Input                - Clearing active input actions
19:33:29.051 [JavaFX Application Thread] DEBUG AppStateMachine      - PlayState <- DialogSubState
19:33:29.052 [JavaFX Application Thread] DEBUG GameApplication      - Exiting game application
19:33:29.053 [JavaFX Application Thread] DEBUG GameApplication      - Exiting FXGL
19:33:29.053 [JavaFX Application Thread] DEBUG FXGL                 - Saving FXGL system data
19:33:29.055 [JavaFX Application Thread] DEBUG IOTask               - Executing task: writeDataTask(system/fxgl.bundle)
19:33:29.058 [JavaFX Application Thread] DEBUG FS                   - Writing to: system\fxgl.bundle
19:33:29.062 [JavaFX Application Thread] DEBUG IOTask               - Task succeeded: writeDataTask(system/fxgl.bundle)
19:33:29.062 [JavaFX Application Thread] DEBUG GameApplication      - Closing logger and exiting JavaFX
