19:31:54.823 [JavaFX Application Thread] DEBUG GameApplication      - Logger initialized
19:31:55.156 [JavaFX Application Thread] DEBUG GameApplication      - Starting FXGL
19:31:55.159 [JavaFX Application Thread] INFO  Version              - FXGL-0.3.8
19:31:55.159 [JavaFX Application Thread] INFO  Version              - Source code and latest versions at: https://github.com/AlmasB/FXGL
19:31:55.159 [JavaFX Application Thread] INFO  Version              -              Join the FXGL chat at: https://gitter.im/AlmasB/FXGL
19:31:55.719 [FXGL Launcher Thread     ] DEBUG FXGL                 - Loading FXGL system data
19:31:55.731 [FXGL Launcher Thread     ] DEBUG IOTask               - Executing task: readDataTask(system/fxgl.bundle)
19:31:55.741 [FXGL Launcher Thread     ] DEBUG FS                   - Reading from: system\fxgl.bundle
19:31:55.754 [FXGL Launcher Thread     ] DEBUG IOTask               - Task succeeded: readDataTask(system/fxgl.bundle)
19:31:55.755 [FXGL Launcher Thread     ] DEBUG Bundle               - Logging bundle: FXGL
19:31:55.756 [FXGL Launcher Thread     ] DEBUG Bundle               - FXGL.offline.timer.version.check=2020-04-03T00:49:42.894
19:31:55.756 [FXGL Launcher Thread     ] DEBUG GameApplication      - FXGL configuration complete
19:31:55.760 [FXGL Launcher Thread     ] INFO  GameApplication      - FXGL configuration took:  0.590 sec
19:31:55.760 [FXGL Launcher Thread     ] DEBUG GameApplication      - Logging game settings
Title: Untitled
Version: 0.0
Width: 1800
Height: 1800
Fullscreen: false
Intro: false
Menus: false
Profiling: false
App Mode: DEVELOPER
Menu Key: ESCAPE
Scene Factory: class com.almasb.fxgl.scene.SceneFactory
Dialog Factory: class com.almasb.fxgl.service.impl.display.FXGLDialogFactory
UI Factory: class com.almasb.fxgl.service.impl.ui.FXGLUIFactory
Notification Service: class com.almasb.fxgl.service.impl.notification.SlidingNotificationService
Exception Handler: class com.almasb.fxgl.app.FXGLExceptionHandler
19:31:55.770 [FXGL Launcher Thread     ] DEBUG GameApplication      - Configuring GameApplication
19:31:55.774 [FXGL Launcher Thread     ] DEBUG AppStateMachine      - Initializing application states
19:31:55.838 [FXGL Launcher Thread     ] DEBUG AssetLoader          - Asset cacheSize=35
19:31:55.838 [FXGL Launcher Thread     ] DEBUG AssetLoader          - Loading from disk: /assets/ui/cursors/fxgl_default.png
19:31:55.867 [FXGL Launcher Thread     ] DEBUG AssetLoader          - Loading from disk: /assets/ui/cursors/fxgl_default.png
19:31:55.873 [FXGL Launcher Thread     ] DEBUG AssetLoader          - Loading from disk: /assets/sounds/core/notification.wav
19:31:55.898 [FXGL Launcher Thread     ] DEBUG AssetLoader          - Loading from disk: /assets/sounds/menu/select.wav
19:31:55.900 [FXGL Launcher Thread     ] DEBUG AssetLoader          - Loading from disk: /assets/sounds/menu/back.wav
19:31:55.902 [FXGL Launcher Thread     ] DEBUG AssetLoader          - Loading from disk: /assets/sounds/menu/press.wav
19:31:55.905 [FXGL Launcher Thread     ] DEBUG AssetLoader          - Loading from disk: /assets/ui/fonts/Copperplate_Gothic_Light_Regular.ttf
19:31:56.716 [FXGL Launcher Thread     ] DEBUG AssetLoader          - Loading from disk: /assets/ui/fonts/lucida_console.ttf
19:31:56.721 [FXGL Launcher Thread     ] DEBUG AssetLoader          - Loading from disk: /assets/ui/css/fxgl_dark.css
19:31:56.722 [FXGL Launcher Thread     ] DEBUG AssetLoader          - Loading from disk: /assets/ui/icons/fxgl_icon.png
19:31:56.853 [FXGL Launcher Thread     ] DEBUG AssetLoader          - Loading from disk: /assets/ui/cursors/fxgl_default.png
19:31:56.881 [FXGL Launcher Thread     ] DEBUG FXGL.GameScene       - Game scene initialized: 1800x1800
19:31:56.886 [FXGL Launcher Thread     ] DEBUG FXGL.GameWorld       - Game world initialized
19:31:57.026 [FXGL Launcher Thread     ] DEBUG FXGL.PhysicsWorld    - Physics world initialized: appHeight=1800, physics.ppm=50.0
19:31:57.053 [FXGL Launcher Thread     ] DEBUG Input                - Registered new binding: Pause - Esc
19:31:57.071 [FXGL Launcher Thread     ] INFO  GameApplication      - Game configuration took:  1.301 sec
19:31:57.075 [JavaFX Application Thread] DEBUG MainWindow           - App size > screen size
19:31:57.075 [JavaFX Application Thread] DEBUG MainWindow           - Target size: 1800.0 x 1800.0 @ 1.0
19:31:57.076 [JavaFX Application Thread] DEBUG MainWindow           - New size:    1040.0 x 1040.0 @ 0.5777777777777777
19:31:57.076 [JavaFX Application Thread] DEBUG MainWindow           - Opening main window
19:31:57.134 [JavaFX Application Thread] DEBUG MainWindow           - Root size:  1800.0x1071.0
19:31:57.135 [JavaFX Application Thread] DEBUG MainWindow           - Scene size: 1800.0x1071.0
19:31:57.135 [JavaFX Application Thread] DEBUG MainWindow           - Stage size: 1806.0x1100.0
19:31:57.135 [JavaFX Application Thread] DEBUG GameApplication      - Running preInit()
19:31:57.137 [JavaFX Application Thread] DEBUG Input                - Registered new binding: Screenshot - P
19:31:57.138 [JavaFX Application Thread] DEBUG Input                - Registered new binding: Dev Options - CTRL+0
19:31:57.141 [JavaFX Application Thread] DEBUG Input                - Registered new binding: UP - W
19:31:57.142 [JavaFX Application Thread] DEBUG Input                - Registered new binding: DOWN - S
19:31:57.142 [JavaFX Application Thread] DEBUG Input                - Registered new binding: LEFT - A
19:31:57.143 [JavaFX Application Thread] DEBUG Input                - Registered new binding: RIGHT - D
19:31:57.234 [JavaFX Application Thread] DEBUG GameApplication      - Starting main loop
19:31:57.239 [JavaFX Application Thread] DEBUG StartupState         - STARTUP
19:31:57.239 [JavaFX Application Thread] DEBUG GameApplication      - Starting new game
19:31:57.240 [JavaFX Application Thread] DEBUG Input                - Clearing active input actions
19:31:57.240 [JavaFX Application Thread] DEBUG AppStateMachine      - StartupState -> LoadingState
19:31:58.338 [JavaFX Application Thread] DEBUG AnnotationParser     - @AddCollisionHandler: []
19:31:58.339 [JavaFX Application Thread] DEBUG AnnotationParser     - @SetEntityFactory: []
19:31:58.377 [FXGL Background Thread 1 ] DEBUG InitAppTask          - Clearing previous game
19:31:58.377 [FXGL Background Thread 1 ] DEBUG FXGL.GameWorld       - Clearing game world
19:31:58.378 [FXGL Background Thread 1 ] DEBUG FXGL.PhysicsWorld    - Clearing physics world
19:31:58.384 [FXGL Background Thread 1 ] DEBUG FXGL.GameScene       - Clearing game scene
19:31:58.385 [FXGL Background Thread 1 ] DEBUG InitAppTask          - Initializing Assets
19:31:58.386 [FXGL Background Thread 1 ] DEBUG InitAppTask          - Initializing Game
19:31:58.396 [FXGL Background Thread 1 ] DEBUG InitAppTask          - Initializing Physics
19:31:58.396 [FXGL Background Thread 1 ] DEBUG InitAppTask          - Initializing UI
19:31:58.398 [FXGL Background Thread 1 ] DEBUG InitAppTask          - Initialization Complete
19:31:58.398 [FXGL Background Thread 1 ] INFO  InitAppTask          - Game initialization took: 0.021 sec
19:31:58.482 [JavaFX Application Thread] DEBUG Input                - Clearing active input actions
19:31:58.482 [JavaFX Application Thread] DEBUG AppStateMachine      - LoadingState -> PlayState
19:32:47.804 [JavaFX Application Thread] DEBUG AppStateMachine      - Push state: DialogSubState
19:32:47.805 [JavaFX Application Thread] DEBUG Input                - Clearing active input actions
19:32:47.805 [JavaFX Application Thread] DEBUG AppStateMachine      - PlayState -> DialogSubState
19:32:52.303 [JavaFX Application Thread] DEBUG AppStateMachine      - Pop state: DialogSubState
19:32:52.303 [JavaFX Application Thread] DEBUG Input                - Clearing active input actions
19:32:52.303 [JavaFX Application Thread] DEBUG AppStateMachine      - PlayState <- DialogSubState
19:32:52.304 [JavaFX Application Thread] DEBUG GameApplication      - Exiting game application
19:32:52.305 [JavaFX Application Thread] DEBUG GameApplication      - Exiting FXGL
19:32:52.305 [JavaFX Application Thread] DEBUG FXGL                 - Saving FXGL system data
19:32:52.307 [JavaFX Application Thread] DEBUG IOTask               - Executing task: writeDataTask(system/fxgl.bundle)
19:32:52.310 [JavaFX Application Thread] DEBUG FS                   - Writing to: system\fxgl.bundle
19:32:52.315 [JavaFX Application Thread] DEBUG IOTask               - Task succeeded: writeDataTask(system/fxgl.bundle)
19:32:52.315 [JavaFX Application Thread] DEBUG GameApplication      - Closing logger and exiting JavaFX
