17:26:17.666 [JavaFX Application Thread] DEBUG GameApplication      - Logger initialized
17:26:17.959 [JavaFX Application Thread] DEBUG GameApplication      - Starting FXGL
17:26:17.961 [JavaFX Application Thread] INFO  Version              - FXGL-0.3.8
17:26:17.961 [JavaFX Application Thread] INFO  Version              - Source code and latest versions at: https://github.com/AlmasB/FXGL
17:26:17.961 [JavaFX Application Thread] INFO  Version              -              Join the FXGL chat at: https://gitter.im/AlmasB/FXGL
17:26:18.427 [FXGL Launcher Thread     ] DEBUG FXGL                 - Loading FXGL system data
17:26:18.433 [FXGL Launcher Thread     ] DEBUG IOTask               - Executing task: readDataTask(system/fxgl.bundle)
17:26:18.442 [FXGL Launcher Thread     ] DEBUG FS                   - Reading from: system\fxgl.bundle
17:26:18.452 [FXGL Launcher Thread     ] DEBUG IOTask               - Task succeeded: readDataTask(system/fxgl.bundle)
17:26:18.452 [FXGL Launcher Thread     ] DEBUG Bundle               - Logging bundle: FXGL
17:26:18.453 [FXGL Launcher Thread     ] DEBUG Bundle               - FXGL.offline.timer.version.check=2020-04-03T00:49:42.894
17:26:18.455 [FXGL Launcher Thread     ] DEBUG GameApplication      - FXGL configuration complete
17:26:18.457 [FXGL Launcher Thread     ] INFO  GameApplication      - FXGL configuration took:  0.485 sec
17:26:18.458 [FXGL Launcher Thread     ] DEBUG GameApplication      - Logging game settings
Title: Untitled
Version: 0.0
Width: 720
Height: 720
Fullscreen: false
Intro: false
Menus: false
Profiling: false
App Mode: DEVELOPER
Menu Key: ESCAPE
Scene Factory: class com.almasb.fxgl.scene.SceneFactory
Dialog Factory: class com.almasb.fxgl.service.impl.display.FXGLDialogFactory
UI Factory: class com.almasb.fxgl.service.impl.ui.FXGLUIFactory
Notification Service: class com.almasb.fxgl.service.impl.notification.SlidingNotificationService
Exception Handler: class com.almasb.fxgl.app.FXGLExceptionHandler
17:26:18.473 [FXGL Launcher Thread     ] DEBUG GameApplication      - Configuring GameApplication
17:26:18.477 [FXGL Launcher Thread     ] DEBUG AppStateMachine      - Initializing application states
17:26:18.537 [FXGL Launcher Thread     ] DEBUG AssetLoader          - Asset cacheSize=35
17:26:18.538 [FXGL Launcher Thread     ] DEBUG AssetLoader          - Loading from disk: /assets/ui/cursors/fxgl_default.png
17:26:18.563 [FXGL Launcher Thread     ] DEBUG AssetLoader          - Loading from disk: /assets/ui/cursors/fxgl_default.png
17:26:18.569 [FXGL Launcher Thread     ] DEBUG AssetLoader          - Loading from disk: /assets/sounds/core/notification.wav
17:26:18.597 [FXGL Launcher Thread     ] DEBUG AssetLoader          - Loading from disk: /assets/sounds/menu/select.wav
17:26:18.599 [FXGL Launcher Thread     ] DEBUG AssetLoader          - Loading from disk: /assets/sounds/menu/back.wav
17:26:18.601 [FXGL Launcher Thread     ] DEBUG AssetLoader          - Loading from disk: /assets/sounds/menu/press.wav
17:26:18.605 [FXGL Launcher Thread     ] DEBUG AssetLoader          - Loading from disk: /assets/ui/fonts/Copperplate_Gothic_Light_Regular.ttf
17:26:19.393 [FXGL Launcher Thread     ] DEBUG AssetLoader          - Loading from disk: /assets/ui/fonts/lucida_console.ttf
17:26:19.399 [FXGL Launcher Thread     ] DEBUG AssetLoader          - Loading from disk: /assets/ui/css/fxgl_dark.css
17:26:19.399 [FXGL Launcher Thread     ] DEBUG AssetLoader          - Loading from disk: /assets/ui/icons/fxgl_icon.png
17:26:19.566 [FXGL Launcher Thread     ] DEBUG AssetLoader          - Loading from disk: /assets/ui/cursors/fxgl_default.png
17:26:19.597 [FXGL Launcher Thread     ] DEBUG FXGL.GameScene       - Game scene initialized: 720x720
17:26:19.603 [FXGL Launcher Thread     ] DEBUG FXGL.GameWorld       - Game world initialized
17:26:19.762 [FXGL Launcher Thread     ] DEBUG FXGL.PhysicsWorld    - Physics world initialized: appHeight=720, physics.ppm=50.0
17:26:19.800 [FXGL Launcher Thread     ] DEBUG Input                - Registered new binding: Pause - Esc
17:26:19.819 [FXGL Launcher Thread     ] INFO  GameApplication      - Game configuration took:  1.346 sec
17:26:19.824 [JavaFX Application Thread] DEBUG MainWindow           - Target size: 720.0 x 720.0 @ 1.0
17:26:19.825 [JavaFX Application Thread] DEBUG MainWindow           - New size:    720.0 x 720.0 @ 1.0
17:26:19.825 [JavaFX Application Thread] DEBUG MainWindow           - Opening main window
17:26:19.885 [JavaFX Application Thread] DEBUG MainWindow           - Root size:  720.0x720.0
17:26:19.886 [JavaFX Application Thread] DEBUG MainWindow           - Scene size: 720.0x720.0
17:26:19.886 [JavaFX Application Thread] DEBUG MainWindow           - Stage size: 726.0x749.0
17:26:19.886 [JavaFX Application Thread] DEBUG GameApplication      - Running preInit()
17:26:19.889 [JavaFX Application Thread] DEBUG Input                - Registered new binding: Screenshot - P
17:26:19.890 [JavaFX Application Thread] DEBUG Input                - Registered new binding: Dev Options - CTRL+0
17:26:19.892 [JavaFX Application Thread] DEBUG Input                - Registered new binding: UP - W
17:26:19.893 [JavaFX Application Thread] DEBUG Input                - Registered new binding: DOWN - S
17:26:19.893 [JavaFX Application Thread] DEBUG Input                - Registered new binding: LEFT - A
17:26:19.894 [JavaFX Application Thread] DEBUG Input                - Registered new binding: RIGHT - D
17:26:20.043 [JavaFX Application Thread] DEBUG GameApplication      - Starting main loop
17:26:20.048 [JavaFX Application Thread] DEBUG StartupState         - STARTUP
17:26:20.049 [JavaFX Application Thread] DEBUG GameApplication      - Starting new game
17:26:20.049 [JavaFX Application Thread] DEBUG Input                - Clearing active input actions
17:26:20.050 [JavaFX Application Thread] DEBUG AppStateMachine      - StartupState -> LoadingState
17:26:20.303 [JavaFX Application Thread] DEBUG AnnotationParser     - @AddCollisionHandler: []
17:26:20.303 [JavaFX Application Thread] DEBUG AnnotationParser     - @SetEntityFactory: []
17:26:20.350 [FXGL Background Thread 1 ] DEBUG InitAppTask          - Clearing previous game
17:26:20.351 [FXGL Background Thread 1 ] DEBUG FXGL.GameWorld       - Clearing game world
17:26:20.352 [FXGL Background Thread 1 ] DEBUG FXGL.PhysicsWorld    - Clearing physics world
17:26:20.352 [FXGL Background Thread 1 ] DEBUG FXGL.GameScene       - Clearing game scene
17:26:20.352 [FXGL Background Thread 1 ] DEBUG InitAppTask          - Initializing Assets
17:26:20.360 [FXGL Background Thread 1 ] DEBUG InitAppTask          - Initializing Game
17:26:20.365 [FXGL Background Thread 1 ] DEBUG InitAppTask          - Initializing Physics
17:26:20.366 [FXGL Background Thread 1 ] DEBUG InitAppTask          - Initializing UI
17:26:20.366 [FXGL Background Thread 1 ] DEBUG InitAppTask          - Initialization Complete
17:26:20.366 [FXGL Background Thread 1 ] INFO  InitAppTask          - Game initialization took: 0.015 sec
17:26:20.458 [JavaFX Application Thread] DEBUG Input                - Clearing active input actions
17:26:20.458 [JavaFX Application Thread] DEBUG AppStateMachine      - LoadingState -> PlayState
17:27:07.820 [JavaFX Application Thread] DEBUG AppStateMachine      - Push state: DialogSubState
17:27:07.821 [JavaFX Application Thread] DEBUG Input                - Clearing active input actions
17:27:07.821 [JavaFX Application Thread] DEBUG AppStateMachine      - PlayState -> DialogSubState
17:27:10.568 [JavaFX Application Thread] DEBUG AppStateMachine      - Pop state: DialogSubState
17:27:10.568 [JavaFX Application Thread] DEBUG Input                - Clearing active input actions
17:27:10.568 [JavaFX Application Thread] DEBUG AppStateMachine      - PlayState <- DialogSubState
17:27:10.569 [JavaFX Application Thread] DEBUG GameApplication      - Exiting game application
17:27:10.570 [JavaFX Application Thread] DEBUG GameApplication      - Exiting FXGL
17:27:10.570 [JavaFX Application Thread] DEBUG FXGL                 - Saving FXGL system data
17:27:10.572 [JavaFX Application Thread] DEBUG IOTask               - Executing task: writeDataTask(system/fxgl.bundle)
17:27:10.575 [JavaFX Application Thread] DEBUG FS                   - Writing to: system\fxgl.bundle
17:27:10.580 [JavaFX Application Thread] DEBUG IOTask               - Task succeeded: writeDataTask(system/fxgl.bundle)
17:27:10.580 [JavaFX Application Thread] DEBUG GameApplication      - Closing logger and exiting JavaFX
