17:26:08.481 [JavaFX Application Thread] DEBUG GameApplication      - Logger initialized
17:26:08.924 [JavaFX Application Thread] DEBUG GameApplication      - Starting FXGL
17:26:08.924 [JavaFX Application Thread] INFO  Version              - FXGL-0.3.8
17:26:08.925 [JavaFX Application Thread] INFO  Version              - Source code and latest versions at: https://github.com/AlmasB/FXGL
17:26:08.925 [JavaFX Application Thread] INFO  Version              -              Join the FXGL chat at: https://gitter.im/AlmasB/FXGL
17:26:09.491 [FXGL Launcher Thread     ] DEBUG FXGL                 - Loading FXGL system data
17:26:09.498 [FXGL Launcher Thread     ] DEBUG IOTask               - Executing task: readDataTask(system/fxgl.bundle)
17:26:09.508 [FXGL Launcher Thread     ] DEBUG FS                   - Reading from: system\fxgl.bundle
17:26:09.518 [FXGL Launcher Thread     ] DEBUG IOTask               - Task succeeded: readDataTask(system/fxgl.bundle)
17:26:09.518 [FXGL Launcher Thread     ] DEBUG Bundle               - Logging bundle: FXGL
17:26:09.519 [FXGL Launcher Thread     ] DEBUG Bundle               - FXGL.offline.timer.version.check=2020-04-03T00:49:42.894
17:26:09.520 [FXGL Launcher Thread     ] DEBUG GameApplication      - FXGL configuration complete
17:26:09.523 [FXGL Launcher Thread     ] INFO  GameApplication      - FXGL configuration took:  0.528 sec
17:26:09.524 [FXGL Launcher Thread     ] DEBUG GameApplication      - Logging game settings
Title: Untitled
Version: 0.0
Width: 720
Height: 720
Fullscreen: false
Intro: false
Menus: false
Profiling: false
App Mode: DEVELOPER
Menu Key: ESCAPE
Scene Factory: class com.almasb.fxgl.scene.SceneFactory
Dialog Factory: class com.almasb.fxgl.service.impl.display.FXGLDialogFactory
UI Factory: class com.almasb.fxgl.service.impl.ui.FXGLUIFactory
Notification Service: class com.almasb.fxgl.service.impl.notification.SlidingNotificationService
Exception Handler: class com.almasb.fxgl.app.FXGLExceptionHandler
17:26:09.530 [FXGL Launcher Thread     ] DEBUG GameApplication      - Configuring GameApplication
17:26:09.534 [FXGL Launcher Thread     ] DEBUG AppStateMachine      - Initializing application states
17:26:09.605 [FXGL Launcher Thread     ] DEBUG AssetLoader          - Asset cacheSize=35
17:26:09.606 [FXGL Launcher Thread     ] DEBUG AssetLoader          - Loading from disk: /assets/ui/cursors/fxgl_default.png
17:26:09.634 [FXGL Launcher Thread     ] DEBUG AssetLoader          - Loading from disk: /assets/ui/cursors/fxgl_default.png
17:26:09.645 [FXGL Launcher Thread     ] DEBUG AssetLoader          - Loading from disk: /assets/sounds/core/notification.wav
17:26:09.677 [FXGL Launcher Thread     ] DEBUG AssetLoader          - Loading from disk: /assets/sounds/menu/select.wav
17:26:09.679 [FXGL Launcher Thread     ] DEBUG AssetLoader          - Loading from disk: /assets/sounds/menu/back.wav
17:26:09.681 [FXGL Launcher Thread     ] DEBUG AssetLoader          - Loading from disk: /assets/sounds/menu/press.wav
17:26:09.684 [FXGL Launcher Thread     ] DEBUG AssetLoader          - Loading from disk: /assets/ui/fonts/Copperplate_Gothic_Light_Regular.ttf
17:26:10.528 [FXGL Launcher Thread     ] DEBUG AssetLoader          - Loading from disk: /assets/ui/fonts/lucida_console.ttf
17:26:10.534 [FXGL Launcher Thread     ] DEBUG AssetLoader          - Loading from disk: /assets/ui/css/fxgl_dark.css
17:26:10.535 [FXGL Launcher Thread     ] DEBUG AssetLoader          - Loading from disk: /assets/ui/icons/fxgl_icon.png
17:26:10.668 [FXGL Launcher Thread     ] DEBUG AssetLoader          - Loading from disk: /assets/ui/cursors/fxgl_default.png
17:26:10.698 [FXGL Launcher Thread     ] DEBUG FXGL.GameScene       - Game scene initialized: 720x720
17:26:10.705 [FXGL Launcher Thread     ] DEBUG FXGL.GameWorld       - Game world initialized
17:26:10.839 [FXGL Launcher Thread     ] DEBUG FXGL.PhysicsWorld    - Physics world initialized: appHeight=720, physics.ppm=50.0
17:26:10.864 [FXGL Launcher Thread     ] DEBUG Input                - Registered new binding: Pause - Esc
17:26:10.881 [FXGL Launcher Thread     ] INFO  GameApplication      - Game configuration took:  1.351 sec
17:26:10.891 [JavaFX Application Thread] DEBUG MainWindow           - Target size: 720.0 x 720.0 @ 1.0
17:26:10.891 [JavaFX Application Thread] DEBUG MainWindow           - New size:    720.0 x 720.0 @ 1.0
17:26:10.892 [JavaFX Application Thread] DEBUG MainWindow           - Opening main window
17:26:10.946 [JavaFX Application Thread] DEBUG MainWindow           - Root size:  720.0x720.0
17:26:10.947 [JavaFX Application Thread] DEBUG MainWindow           - Scene size: 720.0x720.0
17:26:10.947 [JavaFX Application Thread] DEBUG MainWindow           - Stage size: 726.0x749.0
17:26:10.947 [JavaFX Application Thread] DEBUG GameApplication      - Running preInit()
17:26:10.949 [JavaFX Application Thread] DEBUG Input                - Registered new binding: Screenshot - P
17:26:10.949 [JavaFX Application Thread] DEBUG Input                - Registered new binding: Dev Options - CTRL+0
17:26:10.952 [JavaFX Application Thread] DEBUG Input                - Registered new binding: UP - W
17:26:10.953 [JavaFX Application Thread] DEBUG Input                - Registered new binding: DOWN - S
17:26:10.953 [JavaFX Application Thread] DEBUG Input                - Registered new binding: LEFT - A
17:26:10.954 [JavaFX Application Thread] DEBUG Input                - Registered new binding: RIGHT - D
17:26:11.021 [JavaFX Application Thread] DEBUG GameApplication      - Starting main loop
17:26:11.027 [JavaFX Application Thread] DEBUG StartupState         - STARTUP
17:26:11.028 [JavaFX Application Thread] DEBUG GameApplication      - Starting new game
17:26:11.028 [JavaFX Application Thread] DEBUG Input                - Clearing active input actions
17:26:11.029 [JavaFX Application Thread] DEBUG AppStateMachine      - StartupState -> LoadingState
17:26:11.285 [JavaFX Application Thread] DEBUG AnnotationParser     - @AddCollisionHandler: []
17:26:11.285 [JavaFX Application Thread] DEBUG AnnotationParser     - @SetEntityFactory: []
17:26:11.293 [FXGL Background Thread 1 ] DEBUG InitAppTask          - Clearing previous game
17:26:11.294 [FXGL Background Thread 1 ] DEBUG FXGL.GameWorld       - Clearing game world
17:26:11.295 [FXGL Background Thread 1 ] DEBUG FXGL.PhysicsWorld    - Clearing physics world
17:26:11.295 [FXGL Background Thread 1 ] DEBUG FXGL.GameScene       - Clearing game scene
17:26:11.295 [FXGL Background Thread 1 ] DEBUG InitAppTask          - Initializing Assets
17:26:11.301 [FXGL Background Thread 1 ] DEBUG InitAppTask          - Initializing Game
17:26:11.305 [FXGL Background Thread 1 ] DEBUG InitAppTask          - Initializing Physics
17:26:11.306 [FXGL Background Thread 1 ] DEBUG InitAppTask          - Initializing UI
17:26:11.306 [FXGL Background Thread 1 ] DEBUG InitAppTask          - Initialization Complete
17:26:11.306 [FXGL Background Thread 1 ] INFO  InitAppTask          - Game initialization took: 0.012 sec
17:26:11.404 [JavaFX Application Thread] DEBUG Input                - Clearing active input actions
17:26:11.405 [JavaFX Application Thread] DEBUG AppStateMachine      - LoadingState -> PlayState
17:26:12.962 [JavaFX Application Thread] DEBUG AppStateMachine      - Push state: DialogSubState
17:26:12.962 [JavaFX Application Thread] DEBUG Input                - Clearing active input actions
17:26:12.962 [JavaFX Application Thread] DEBUG AppStateMachine      - PlayState -> DialogSubState
17:26:13.289 [JavaFX Application Thread] DEBUG AppStateMachine      - Pop state: DialogSubState
17:26:13.289 [JavaFX Application Thread] DEBUG Input                - Clearing active input actions
17:26:13.289 [JavaFX Application Thread] DEBUG AppStateMachine      - PlayState <- DialogSubState
17:26:13.290 [JavaFX Application Thread] DEBUG GameApplication      - Exiting game application
17:26:13.291 [JavaFX Application Thread] DEBUG GameApplication      - Exiting FXGL
17:26:13.291 [JavaFX Application Thread] DEBUG FXGL                 - Saving FXGL system data
17:26:13.292 [JavaFX Application Thread] DEBUG IOTask               - Executing task: writeDataTask(system/fxgl.bundle)
17:26:13.295 [JavaFX Application Thread] DEBUG FS                   - Writing to: system\fxgl.bundle
17:26:13.299 [JavaFX Application Thread] DEBUG IOTask               - Task succeeded: writeDataTask(system/fxgl.bundle)
17:26:13.299 [JavaFX Application Thread] DEBUG GameApplication      - Closing logger and exiting JavaFX
